[03:00:21] [Server thread/INFO]: Starting minecraft server version 1.15.2
[03:00:21] [Server thread/INFO]: Loading properties
[03:00:22] [Server thread/INFO]: This server is running Paper version git-Paper-133 (MC: 1.15.2) (Implementing API version 1.15.2-R0.1-SNAPSHOT)
[03:00:22] [Server thread/INFO]: Debug logging is disabled
[03:00:22] [Server thread/INFO]: Server Ping Player Sample Count: 12
[03:00:22] [Server thread/INFO]: Using 4 threads for Netty based IO
[03:00:22] [Server thread/INFO]: Default game type: SURVIVAL
[03:00:22] [Server thread/INFO]: Generating keypair
[03:00:23] [Server thread/INFO]: Starting Minecraft server on *:25565
[03:00:23] [Server thread/INFO]: Using default channel type
[03:00:26] [Server thread/INFO]: [Vault] Loading Vault v1.7.2-b107
[03:00:26] [Server thread/INFO]: [Essentials] Loading Essentials v2.17.2.0
[03:00:26] [Server thread/INFO]: [EssentialsProtect] Loading EssentialsProtect v2.17.2.0
[03:00:26] [Server thread/INFO]: [EssentialsSpawn] Loading EssentialsSpawn v2.17.2.0
[03:00:26] [Server thread/INFO]: [EssentialsChat] Loading EssentialsChat v2.17.2.0
[03:00:26] [Server thread/INFO]: [EssentialsGeoIP] Loading EssentialsGeoIP v2.17.2.0
[03:00:26] [Server thread/INFO]: [EssentialsAntiBuild] Loading EssentialsAntiBuild v2.17.2.0
[03:00:26] [Server thread/INFO]: [EssentialsXMPP] Loading EssentialsXMPP v2.17.2.0
[03:00:26] [Server thread/INFO]: Server permissions file permissions.yml is empty, ignoring it
[03:00:26] [Server thread/INFO]: [Vault] Enabling Vault v1.7.2-b107
[03:00:26] [Server thread/WARN]: [Vault] Loaded class com.earth2me.essentials.api.Economy from Essentials v2.17.2.0 which is not a depend, softdepend or loadbefore of this plugin.
[03:00:27] [Server thread/INFO]: [Vault] [Economy] Essentials Economy found: Waiting
[03:00:28] [Server thread/INFO]: [Vault] [Permission] SuperPermissions loaded as backup permission system.
[03:00:28] [Server thread/INFO]: [Vault] Enabled Version 1.7.2-b107
[03:00:28] [Server thread/WARN]: **** SERVER IS RUNNING IN OFFLINE/INSECURE MODE!
[03:00:28] [Server thread/WARN]: The server will make no attempt to authenticate usernames. Beware.
[03:00:28] [Server thread/WARN]: While this makes the game possible to play without internet access, it also opens up the ability for hackers to connect with any username they choose.
[03:00:28] [Server thread/WARN]: To change this, set "online-mode" to "true" in the server.properties file.
[03:00:28] [Server thread/INFO]: Preparing level "OffoschWorld1"
[03:00:28] [Server thread/INFO]: Reloading ResourceManager: Default, bukkit
[03:00:29] [Server thread/INFO]: Loaded 6 recipes
[03:00:30] [Server thread/INFO]: -------- World Settings For [OffoschWorld1] --------
[03:00:30] [Server thread/INFO]: View Distance: 10
[03:00:30] [Server thread/INFO]: Allow Zombie Pigmen to spawn from portal blocks: true
[03:00:30] [Server thread/INFO]: Item Merge Radius: 2.5
[03:00:30] [Server thread/INFO]: Item Despawn Rate: 6000
[03:00:30] [Server thread/INFO]: Arrow Despawn Rate: 1200 Trident Respawn Rate:1200
[03:00:30] [Server thread/INFO]: Nerfing mobs spawned from spawners: false
[03:00:30] [Server thread/INFO]: Mob Spawn Range: 8
[03:00:30] [Server thread/INFO]: Experience Merge Radius: 3.0
[03:00:30] [Server thread/INFO]: Cactus Growth Modifier: 100%
[03:00:30] [Server thread/INFO]: Cane Growth Modifier: 100%
[03:00:30] [Server thread/INFO]: Melon Growth Modifier: 100%
[03:00:30] [Server thread/INFO]: Mushroom Growth Modifier: 100%
[03:00:30] [Server thread/INFO]: Pumpkin Growth Modifier: 100%
[03:00:30] [Server thread/INFO]: Sapling Growth Modifier: 100%
[03:00:30] [Server thread/INFO]: Beetroot Growth Modifier: 100%
[03:00:30] [Server thread/INFO]: Carrot Growth Modifier: 100%
[03:00:30] [Server thread/INFO]: Potato Growth Modifier: 100%
[03:00:30] [Server thread/INFO]: Wheat Growth Modifier: 100%
[03:00:30] [Server thread/INFO]: NetherWart Growth Modifier: 100%
[03:00:30] [Server thread/INFO]: Vine Growth Modifier: 100%
[03:00:30] [Server thread/INFO]: Cocoa Growth Modifier: 100%
[03:00:30] [Server thread/INFO]: Bamboo Growth Modifier: 100%
[03:00:30] [Server thread/INFO]: SweetBerry Growth Modifier: 100%
[03:00:30] [Server thread/INFO]: Kelp Growth Modifier: 100%
[03:00:30] [Server thread/INFO]: Hopper Transfer: 8 Hopper Check: 1 Hopper Amount: 1
[03:00:30] [Server thread/INFO]: Entity Tracking Range: Pl 48 / An 48 / Mo 48 / Mi 32 / Other 64
[03:00:30] [Server thread/INFO]: Max TNT Explosions: 100
[03:00:30] [Server thread/INFO]: Tile Max Tick Time: 50ms Entity max Tick Time: 50ms
[03:00:30] [Server thread/INFO]: Entity Activation Range: An 32 / Mo 32 / Ra 48 / Mi 16 / Tiv true
[03:00:30] [Server thread/INFO]: Custom Map Seeds:  Village: 10387312 Desert: 14357617 Igloo: 14357618 Jungle: 14357619 Swamp: 14357620 Monument: 10387313 Ocean: 14357621 Shipwreck: 165745295 Slime: 987234911
[03:00:30] [Server thread/INFO]: Zombie Aggressive Towards Villager: true
[03:00:30] [Server thread/INFO]: -------- World Settings For [OffoschWorld1_nether] --------
[03:00:30] [Server thread/INFO]: View Distance: 10
[03:00:30] [Server thread/INFO]: Allow Zombie Pigmen to spawn from portal blocks: true
[03:00:30] [Server thread/INFO]: Item Merge Radius: 2.5
[03:00:30] [Server thread/INFO]: Item Despawn Rate: 6000
[03:00:30] [Server thread/INFO]: Arrow Despawn Rate: 1200 Trident Respawn Rate:1200
[03:00:30] [Server thread/INFO]: Nerfing mobs spawned from spawners: false
[03:00:30] [Server thread/INFO]: Mob Spawn Range: 8
[03:00:30] [Server thread/INFO]: Experience Merge Radius: 3.0
[03:00:30] [Server thread/INFO]: Cactus Growth Modifier: 100%
[03:00:30] [Server thread/INFO]: Cane Growth Modifier: 100%
[03:00:30] [Server thread/INFO]: Melon Growth Modifier: 100%
[03:00:30] [Server thread/INFO]: Mushroom Growth Modifier: 100%
[03:00:30] [Server thread/INFO]: Pumpkin Growth Modifier: 100%
[03:00:30] [Server thread/INFO]: Sapling Growth Modifier: 100%
[03:00:30] [Server thread/INFO]: Beetroot Growth Modifier: 100%
[03:00:30] [Server thread/INFO]: Carrot Growth Modifier: 100%
[03:00:30] [Server thread/INFO]: Potato Growth Modifier: 100%
[03:00:30] [Server thread/INFO]: Wheat Growth Modifier: 100%
[03:00:30] [Server thread/INFO]: NetherWart Growth Modifier: 100%
[03:00:30] [Server thread/INFO]: Vine Growth Modifier: 100%
[03:00:30] [Server thread/INFO]: Cocoa Growth Modifier: 100%
[03:00:30] [Server thread/INFO]: Bamboo Growth Modifier: 100%
[03:00:30] [Server thread/INFO]: SweetBerry Growth Modifier: 100%
[03:00:30] [Server thread/INFO]: Kelp Growth Modifier: 100%
[03:00:30] [Server thread/INFO]: Hopper Transfer: 8 Hopper Check: 1 Hopper Amount: 1
[03:00:30] [Server thread/INFO]: Entity Tracking Range: Pl 48 / An 48 / Mo 48 / Mi 32 / Other 64
[03:00:30] [Server thread/INFO]: Max TNT Explosions: 100
[03:00:30] [Server thread/INFO]: Tile Max Tick Time: 50ms Entity max Tick Time: 50ms
[03:00:30] [Server thread/INFO]: Entity Activation Range: An 32 / Mo 32 / Ra 48 / Mi 16 / Tiv true
[03:00:30] [Server thread/INFO]: Custom Map Seeds:  Village: 10387312 Desert: 14357617 Igloo: 14357618 Jungle: 14357619 Swamp: 14357620 Monument: 10387313 Ocean: 14357621 Shipwreck: 165745295 Slime: 987234911
[03:00:30] [Server thread/INFO]: Zombie Aggressive Towards Villager: true
[03:00:30] [Server thread/INFO]: -------- World Settings For [OffoschWorld1_the_end] --------
[03:00:30] [Server thread/INFO]: View Distance: 10
[03:00:30] [Server thread/INFO]: Allow Zombie Pigmen to spawn from portal blocks: true
[03:00:30] [Server thread/INFO]: Item Merge Radius: 2.5
[03:00:30] [Server thread/INFO]: Item Despawn Rate: 6000
[03:00:30] [Server thread/INFO]: Arrow Despawn Rate: 1200 Trident Respawn Rate:1200
[03:00:30] [Server thread/INFO]: Nerfing mobs spawned from spawners: false
[03:00:30] [Server thread/INFO]: Mob Spawn Range: 8
[03:00:30] [Server thread/INFO]: Experience Merge Radius: 3.0
[03:00:30] [Server thread/INFO]: Cactus Growth Modifier: 100%
[03:00:30] [Server thread/INFO]: Cane Growth Modifier: 100%
[03:00:30] [Server thread/INFO]: Melon Growth Modifier: 100%
[03:00:30] [Server thread/INFO]: Mushroom Growth Modifier: 100%
[03:00:30] [Server thread/INFO]: Pumpkin Growth Modifier: 100%
[03:00:30] [Server thread/INFO]: Sapling Growth Modifier: 100%
[03:00:30] [Server thread/INFO]: Beetroot Growth Modifier: 100%
[03:00:30] [Server thread/INFO]: Carrot Growth Modifier: 100%
[03:00:30] [Server thread/INFO]: Potato Growth Modifier: 100%
[03:00:30] [Server thread/INFO]: Wheat Growth Modifier: 100%
[03:00:30] [Server thread/INFO]: NetherWart Growth Modifier: 100%
[03:00:30] [Server thread/INFO]: Vine Growth Modifier: 100%
[03:00:30] [Server thread/INFO]: Cocoa Growth Modifier: 100%
[03:00:30] [Server thread/INFO]: Bamboo Growth Modifier: 100%
[03:00:30] [Server thread/INFO]: SweetBerry Growth Modifier: 100%
[03:00:30] [Server thread/INFO]: Kelp Growth Modifier: 100%
[03:00:30] [Server thread/INFO]: Hopper Transfer: 8 Hopper Check: 1 Hopper Amount: 1
[03:00:30] [Server thread/INFO]: Entity Tracking Range: Pl 48 / An 48 / Mo 48 / Mi 32 / Other 64
[03:00:30] [Server thread/INFO]: Max TNT Explosions: 100
[03:00:30] [Server thread/INFO]: Tile Max Tick Time: 50ms Entity max Tick Time: 50ms
[03:00:30] [Server thread/INFO]: Entity Activation Range: An 32 / Mo 32 / Ra 48 / Mi 16 / Tiv true
[03:00:30] [Server thread/INFO]: Custom Map Seeds:  Village: 10387312 Desert: 14357617 Igloo: 14357618 Jungle: 14357619 Swamp: 14357620 Monument: 10387313 Ocean: 14357621 Shipwreck: 165745295 Slime: 987234911
[03:00:30] [Server thread/INFO]: Zombie Aggressive Towards Villager: true
[03:00:30] [Server thread/INFO]: Preparing start region for dimension 'OffoschWorld1'/minecraft:overworld
[03:00:31] [Server thread/INFO]: Preparing spawn area: 0%
[03:00:31] [Server thread/INFO]: Preparing spawn area: 0%
[03:00:32] [Server thread/INFO]: Preparing spawn area: 0%
[03:00:32] [Server thread/INFO]: Preparing spawn area: 0%
[03:00:35] [Server-Worker-1/INFO]: Preparing spawn area: 0%
[03:00:35] [Server-Worker-2/INFO]: Preparing spawn area: 0%
[03:00:35] [Server-Worker-3/INFO]: Preparing spawn area: 0%
[03:00:35] [Server-Worker-3/INFO]: Preparing spawn area: 0%
[03:00:35] [Server-Worker-3/INFO]: Preparing spawn area: 0%
[03:00:35] [Server-Worker-3/INFO]: Preparing spawn area: 0%
[03:00:35] [Server-Worker-5/INFO]: Preparing spawn area: 0%
[03:00:36] [Server thread/INFO]: Preparing spawn area: 0%
[03:00:36] [Server thread/INFO]: Preparing spawn area: 100%
[03:00:38] [Server-Worker-5/INFO]: Preparing spawn area: 100%
[03:00:38] [Server-Worker-1/INFO]: Preparing spawn area: 100%
[03:00:38] [Server-Worker-1/INFO]: Preparing spawn area: 100%
[03:00:38] [Server-Worker-2/INFO]: Preparing spawn area: 100%
[03:00:39] [Server thread/INFO]: Loaded 441 spawn chunks for world OffoschWorld1
[03:00:39] [Server thread/INFO]: Time elapsed: 8374 ms
[03:00:39] [Server thread/INFO]: Preparing start region for dimension 'OffoschWorld1_nether'/minecraft:the_nether
[03:00:39] [Server thread/INFO]: Preparing spawn area: 0%
[03:00:39] [Server thread/INFO]: Preparing spawn area: 78%
[03:00:40] [Server-Worker-5/INFO]: Preparing spawn area: 100%
[03:00:40] [Server-Worker-2/INFO]: Preparing spawn area: 100%
[03:00:41] [Server-Worker-2/INFO]: Preparing spawn area: 100%
[03:00:41] [Server-Worker-3/INFO]: Preparing spawn area: 100%
[03:00:42] [Server-Worker-3/INFO]: Preparing spawn area: 100%
[03:00:42] [Server thread/INFO]: Loaded 441 spawn chunks for world OffoschWorld1_nether
[03:00:42] [Server thread/INFO]: Time elapsed: 3150 ms
[03:00:42] [Server thread/INFO]: Preparing start region for dimension 'OffoschWorld1_the_end'/minecraft:the_end
[03:00:42] [Server thread/INFO]: Preparing spawn area: 0%
[03:00:42] [Server-Worker-3/INFO]: Preparing spawn area: 100%
[03:00:43] [Server-Worker-4/INFO]: Preparing spawn area: 100%
[03:00:43] [Server thread/INFO]: Loaded 441 spawn chunks for world OffoschWorld1_the_end
[03:00:43] [Server thread/INFO]: Time elapsed: 1229 ms
[03:00:43] [Server thread/INFO]: [Essentials] Enabling Essentials v2.17.2.0
[03:00:43] [Server thread/INFO]: [Essentials] Attempting to convert old kits in config.yml to new kits.yml
[03:00:43] [Server thread/INFO]: [Essentials] No kits found to migrate.
[03:00:43] [Server thread/INFO]: [Essentials] Starting Essentials ban format conversion
[03:00:43] [Server thread/INFO]: [Essentials] Found 2 files to convert...
[03:00:43] [Server thread/INFO]: [Essentials] Converted 0/2
[03:00:43] [Server thread/INFO]: [Essentials] Ban format update complete.
[03:00:43] [Server thread/INFO]: [Essentials] Starting usermap repair
[03:00:43] [Server thread/INFO]: [Essentials] Reading: 0,00%
[03:00:43] [Server thread/INFO]: [Essentials] Completed usermap repair.
[03:00:43] [Server thread/INFO]: [Essentials] Using 1.8.3+ BlockStateMeta provider as mob spawner provider.
[03:00:43] [Server thread/INFO]: [Essentials] Using 1.13+ flat spawn egg provider as spawn egg provider.
[03:00:43] [Server thread/INFO]: [Essentials] Using 1.9+ BasePotionData provider as potion meta provider.
[03:00:43] [Server thread/INFO]: [Essentials] Loaded 21018 items from items.json.
[03:00:43] [Server thread/INFO]: [Essentials] Using locale en
[03:00:43] [Server thread/INFO]: [Essentials] ServerListPingEvent: Spigot iterator API
[03:00:43] [Server thread/INFO]: [Essentials] Starting Metrics. Opt-out using the global bStats config.
[03:00:43] [Server thread/INFO]: [Vault] [Vault][Economy] Essentials Economy hooked.
[03:00:43] [Server thread/INFO]: [Essentials] Using superperms-based permissions.
[03:00:43] [Server thread/INFO]: [EssentialsProtect] Enabling EssentialsProtect v2.17.2.0
[03:00:43] [Server thread/INFO]: [EssentialsProtect] Continuing to enable Protect.
[03:00:44] [Server thread/INFO]: [EssentialsSpawn] Enabling EssentialsSpawn v2.17.2.0
[03:00:44] [Server thread/INFO]: [EssentialsChat] Enabling EssentialsChat v2.17.2.0
[03:00:44] [Server thread/INFO]: [EssentialsGeoIP] Enabling EssentialsGeoIP v2.17.2.0
[03:00:44] [Server thread/ERROR]: [EssentialsGeoIP] No license key found! Please visit https://essentialsx.cf/geoip for first time setup instructions.
[03:00:44] [Server thread/ERROR]: [EssentialsGeoIP] Failed to read GeoIP database!
java.io.FileNotFoundException: plugins\EssentialsGeoIP\GeoIP2-Country.mmdb (A rendszer nem találja a megadott fájlt)
	at java.io.RandomAccessFile.open0(Native Method) ~[?:1.8.0_45]
	at java.io.RandomAccessFile.open(Unknown Source) ~[?:1.8.0_45]
	at java.io.RandomAccessFile.<init>(Unknown Source) ~[?:1.8.0_45]
	at com.maxmind.db.BufferHolder.<init>(BufferHolder.java:19) ~[?:?]
	at com.maxmind.db.Reader.<init>(Reader.java:116) ~[?:?]
	at com.maxmind.geoip2.DatabaseReader.<init>(DatabaseReader.java:66) ~[?:?]
	at com.maxmind.geoip2.DatabaseReader.<init>(DatabaseReader.java:54) ~[?:?]
	at com.maxmind.geoip2.DatabaseReader$Builder.build(DatabaseReader.java:160) ~[?:?]
	at com.earth2me.essentials.geoip.EssentialsGeoIPPlayerListener.reloadConfig(EssentialsGeoIPPlayerListener.java:158) ~[?:?]
	at com.earth2me.essentials.geoip.EssentialsGeoIPPlayerListener.<init>(EssentialsGeoIPPlayerListener.java:43) ~[?:?]
	at com.earth2me.essentials.geoip.EssentialsGeoIP.onEnable(EssentialsGeoIP.java:31) ~[?:?]
	at org.bukkit.plugin.java.JavaPlugin.setEnabled(JavaPlugin.java:263) ~[patched_1.15.2.jar:git-Paper-133]
	at org.bukkit.plugin.java.JavaPluginLoader.enablePlugin(JavaPluginLoader.java:337) ~[patched_1.15.2.jar:git-Paper-133]
	at org.bukkit.plugin.SimplePluginManager.enablePlugin(SimplePluginManager.java:435) ~[patched_1.15.2.jar:git-Paper-133]
	at org.bukkit.craftbukkit.v1_15_R1.CraftServer.enablePlugin(CraftServer.java:470) ~[patched_1.15.2.jar:git-Paper-133]
	at org.bukkit.craftbukkit.v1_15_R1.CraftServer.enablePlugins(CraftServer.java:384) ~[patched_1.15.2.jar:git-Paper-133]
	at net.minecraft.server.v1_15_R1.MinecraftServer.a(MinecraftServer.java:482) ~[patched_1.15.2.jar:git-Paper-133]
	at net.minecraft.server.v1_15_R1.DedicatedServer.init(DedicatedServer.java:298) ~[patched_1.15.2.jar:git-Paper-133]
	at net.minecraft.server.v1_15_R1.MinecraftServer.run(MinecraftServer.java:885) ~[patched_1.15.2.jar:git-Paper-133]
	at java.lang.Thread.run(Unknown Source) [?:1.8.0_45]
[03:00:44] [Server thread/INFO]: [EssentialsGeoIP] This product includes GeoLite2 data created by MaxMind, available from http://www.maxmind.com/.
[03:00:44] [Server thread/INFO]: [EssentialsAntiBuild] Enabling EssentialsAntiBuild v2.17.2.0
[03:00:44] [Server thread/INFO]: [EssentialsXMPP] Enabling EssentialsXMPP v2.17.2.0
[03:00:44] [Server thread/WARN]: [EssentialsXMPP] config broken for xmpp
[03:00:44] [Server thread/INFO]: Done (16.213s)! For help, type "help"
[03:00:44] [Server thread/INFO]: Stopping server
[03:00:44] [Server thread/INFO]: [EssentialsXMPP] Disabling EssentialsXMPP v2.17.2.0
[03:00:44] [Server thread/INFO]: [EssentialsAntiBuild] Disabling EssentialsAntiBuild v2.17.2.0
[03:00:44] [Server thread/INFO]: [EssentialsGeoIP] Disabling EssentialsGeoIP v2.17.2.0
[03:00:44] [Server thread/INFO]: [EssentialsChat] Disabling EssentialsChat v2.17.2.0
[03:00:44] [Server thread/INFO]: [EssentialsSpawn] Disabling EssentialsSpawn v2.17.2.0
[03:00:44] [Server thread/INFO]: [EssentialsProtect] Disabling EssentialsProtect v2.17.2.0
[03:00:44] [Server thread/INFO]: [Essentials] Disabling Essentials v2.17.2.0
[03:00:44] [Server thread/INFO]: [Vault] [Vault][Economy] Essentials Economy unhooked.
[03:00:44] [Server thread/INFO]: [Vault] Disabling Vault v1.7.2-b107
[03:00:44] [Server thread/INFO]: Saving players
[03:00:44] [Server thread/INFO]: Saving worlds
[03:00:44] [Server thread/INFO]: Saving chunks for level 'OffoschWorld1'/minecraft:overworld
[03:00:45] [Server thread/INFO]: ThreadedAnvilChunkStorage (OffoschWorld1): All chunks are saved
[03:00:45] [Server thread/INFO]: Saving chunks for level 'OffoschWorld1_nether'/minecraft:the_nether
[03:00:46] [Server thread/INFO]: ThreadedAnvilChunkStorage (DIM-1): All chunks are saved
[03:00:46] [Server thread/INFO]: Saving chunks for level 'OffoschWorld1_the_end'/minecraft:the_end
[03:00:46] [Server thread/INFO]: ThreadedAnvilChunkStorage (DIM1): All chunks are saved
[03:00:46] [Server thread/INFO]: ThreadedAnvilChunkStorage (OffoschWorld1): All chunks are saved
[03:00:47] [Server thread/INFO]: ThreadedAnvilChunkStorage (DIM-1): All chunks are saved
[03:00:48] [Server thread/INFO]: ThreadedAnvilChunkStorage (DIM1): All chunks are saved
